CRITICAL - 2022-07-11 11:13:00 --> Call to undefined method CodeIgniter\Router\RouteCollection::setAutoRoutes()
in APPPATH/Config/Routes.php on line 23.
 1 SYSTEMPATH/CodeIgniter.php(758): require()
 2 SYSTEMPATH/CodeIgniter.php(415): CodeIgniter\CodeIgniter->tryToRouteIt()
 3 SYSTEMPATH/CodeIgniter.php(345): CodeIgniter\CodeIgniter->handleRequest()
 4 SYSTEMPATH/CLI/Console.php(48): CodeIgniter\CodeIgniter->run()
 5 ROOTPATH/spark(86): CodeIgniter\CLI\Console->run()
ERROR - 2022-07-11 12:24:27 --> Error connecting to the database: Access denied for user ''@'localhost' (using password: NO)
CRITICAL - 2022-07-11 12:24:27 --> Unable to connect to the database.
Main connection [MySQLi]: Access denied for user ''@'localhost' (using password: NO)
in SYSTEMPATH/Database/BaseConnection.php on line 416.
 1 SYSTEMPATH/Database/BaseConnection.php(586): CodeIgniter\Database\BaseConnection->initialize()
 2 SYSTEMPATH/Database/BaseBuilder.php(1585): CodeIgniter\Database\BaseConnection->query()
 3 SYSTEMPATH/Validation/Rules.php(142): CodeIgniter\Database\BaseBuilder->get()
 4 SYSTEMPATH/Validation/Validation.php(306): CodeIgniter\Validation\Rules->is_unique()
 5 SYSTEMPATH/Validation/Validation.php(173): CodeIgniter\Validation\Validation->processRules()
 6 APPPATH/Controllers/Auth.php(43): CodeIgniter\Validation\Validation->run()
 7 SYSTEMPATH/CodeIgniter.php(896): App\Controllers\Auth->valid_register()
 8 SYSTEMPATH/CodeIgniter.php(466): CodeIgniter\CodeIgniter->runController()
 9 SYSTEMPATH/CodeIgniter.php(349): CodeIgniter\CodeIgniter->handleRequest()
10 FCPATH/index.php(55): CodeIgniter\CodeIgniter->run()
11 SYSTEMPATH/Commands/Server/rewrite.php(43): require_once('FCPATH/index.php')
ERROR - 2022-07-11 12:24:43 --> Error connecting to the database: Access denied for user ''@'localhost' (using password: NO)
CRITICAL - 2022-07-11 12:24:43 --> Unable to connect to the database.
Main connection [MySQLi]: Access denied for user ''@'localhost' (using password: NO)
in SYSTEMPATH/Database/BaseConnection.php on line 416.
 1 SYSTEMPATH/Database/BaseConnection.php(586): CodeIgniter\Database\BaseConnection->initialize()
 2 SYSTEMPATH/Database/BaseBuilder.php(1585): CodeIgniter\Database\BaseConnection->query()
 3 SYSTEMPATH/Validation/Rules.php(142): CodeIgniter\Database\BaseBuilder->get()
 4 SYSTEMPATH/Validation/Validation.php(306): CodeIgniter\Validation\Rules->is_unique()
 5 SYSTEMPATH/Validation/Validation.php(173): CodeIgniter\Validation\Validation->processRules()
 6 APPPATH/Controllers/Auth.php(43): CodeIgniter\Validation\Validation->run()
 7 SYSTEMPATH/CodeIgniter.php(896): App\Controllers\Auth->valid_register()
 8 SYSTEMPATH/CodeIgniter.php(466): CodeIgniter\CodeIgniter->runController()
 9 SYSTEMPATH/CodeIgniter.php(349): CodeIgniter\CodeIgniter->handleRequest()
10 FCPATH/index.php(55): CodeIgniter\CodeIgniter->run()
11 SYSTEMPATH/Commands/Server/rewrite.php(43): require_once('FCPATH/index.php')
ERROR - 2022-07-11 12:26:29 --> Error connecting to the database: Access denied for user ''@'localhost' (using password: NO)
CRITICAL - 2022-07-11 12:26:29 --> Unable to connect to the database.
Main connection [MySQLi]: Access denied for user ''@'localhost' (using password: NO)
in SYSTEMPATH/Database/BaseConnection.php on line 416.
 1 SYSTEMPATH/Database/BaseConnection.php(586): CodeIgniter\Database\BaseConnection->initialize()
 2 SYSTEMPATH/Database/BaseBuilder.php(1585): CodeIgniter\Database\BaseConnection->query()
 3 SYSTEMPATH/Validation/Rules.php(142): CodeIgniter\Database\BaseBuilder->get()
 4 SYSTEMPATH/Validation/Validation.php(306): CodeIgniter\Validation\Rules->is_unique()
 5 SYSTEMPATH/Validation/Validation.php(173): CodeIgniter\Validation\Validation->processRules()
 6 APPPATH/Controllers/Auth.php(43): CodeIgniter\Validation\Validation->run()
 7 SYSTEMPATH/CodeIgniter.php(896): App\Controllers\Auth->valid_register()
 8 SYSTEMPATH/CodeIgniter.php(466): CodeIgniter\CodeIgniter->runController()
 9 SYSTEMPATH/CodeIgniter.php(349): CodeIgniter\CodeIgniter->handleRequest()
10 FCPATH/index.php(55): CodeIgniter\CodeIgniter->run()
11 SYSTEMPATH/Commands/Server/rewrite.php(43): require_once('FCPATH/index.php')
ERROR - 2022-07-11 12:30:29 --> Error connecting to the database: Access denied for user ''@'localhost' (using password: NO)
CRITICAL - 2022-07-11 12:30:29 --> Unable to connect to the database.
Main connection [MySQLi]: Access denied for user ''@'localhost' (using password: NO)
in SYSTEMPATH/Database/BaseConnection.php on line 416.
 1 SYSTEMPATH/Database/BaseConnection.php(586): CodeIgniter\Database\BaseConnection->initialize()
 2 SYSTEMPATH/Database/BaseBuilder.php(1585): CodeIgniter\Database\BaseConnection->query()
 3 SYSTEMPATH/Model.php(249): CodeIgniter\Database\BaseBuilder->get()
 4 SYSTEMPATH/BaseModel.php(622): CodeIgniter\Model->doFirst()
 5 APPPATH/Controllers/Auth.php(84): CodeIgniter\BaseModel->first()
 6 SYSTEMPATH/CodeIgniter.php(896): App\Controllers\Auth->valid_login()
 7 SYSTEMPATH/CodeIgniter.php(466): CodeIgniter\CodeIgniter->runController()
 8 SYSTEMPATH/CodeIgniter.php(349): CodeIgniter\CodeIgniter->handleRequest()
 9 FCPATH/index.php(55): CodeIgniter\CodeIgniter->run()
10 SYSTEMPATH/Commands/Server/rewrite.php(43): require_once('FCPATH/index.php')
ERROR - 2022-07-11 12:47:26 --> Column 'salt' cannot be null
ERROR - 2022-07-11 12:48:01 --> Column 'salt' cannot be null
CRITICAL - 2022-07-11 23:42:01 --> Too few arguments to function App\Controllers\Keluhan::index(), 0 passed in /home/khodam/Documents/JokiTugas/WebApp/keluhanapp/system/CodeIgniter.php on line 896 and exactly 1 expected
in APPPATH/Controllers/Keluhan.php on line 12.
 1 SYSTEMPATH/CodeIgniter.php(896): App\Controllers\Keluhan->index()
 2 SYSTEMPATH/CodeIgniter.php(466): CodeIgniter\CodeIgniter->runController()
 3 SYSTEMPATH/CodeIgniter.php(349): CodeIgniter\CodeIgniter->handleRequest()
 4 FCPATH/index.php(55): CodeIgniter\CodeIgniter->run()
 5 SYSTEMPATH/Commands/Server/rewrite.php(43): require_once('FCPATH/index.php')
CRITICAL - 2022-07-11 23:42:41 --> Too few arguments to function App\Controllers\Keluhan::index(), 0 passed in /home/khodam/Documents/JokiTugas/WebApp/keluhanapp/system/CodeIgniter.php on line 896 and exactly 1 expected
in APPPATH/Controllers/Keluhan.php on line 12.
 1 SYSTEMPATH/CodeIgniter.php(896): App\Controllers\Keluhan->index()
 2 SYSTEMPATH/CodeIgniter.php(466): CodeIgniter\CodeIgniter->runController()
 3 SYSTEMPATH/CodeIgniter.php(349): CodeIgniter\CodeIgniter->handleRequest()
 4 FCPATH/index.php(55): CodeIgniter\CodeIgniter->run()
 5 SYSTEMPATH/Commands/Server/rewrite.php(43): require_once('FCPATH/index.php')
CRITICAL - 2022-07-11 23:43:02 --> Too few arguments to function App\Controllers\Keluhan::index(), 0 passed in /home/khodam/Documents/JokiTugas/WebApp/keluhanapp/system/CodeIgniter.php on line 896 and exactly 1 expected
in APPPATH/Controllers/Keluhan.php on line 12.
 1 SYSTEMPATH/CodeIgniter.php(896): App\Controllers\Keluhan->index()
 2 SYSTEMPATH/CodeIgniter.php(466): CodeIgniter\CodeIgniter->runController()
 3 SYSTEMPATH/CodeIgniter.php(349): CodeIgniter\CodeIgniter->handleRequest()
 4 FCPATH/index.php(55): CodeIgniter\CodeIgniter->run()
 5 SYSTEMPATH/Commands/Server/rewrite.php(43): require_once('FCPATH/index.php')
CRITICAL - 2022-07-11 23:46:15 --> Class 'App\Models\KeluhanModel' not found
in APPPATH/Controllers/Keluhan.php on line 12.
 1 SYSTEMPATH/CodeIgniter.php(858): App\Controllers\Keluhan->__construct()
 2 SYSTEMPATH/CodeIgniter.php(457): CodeIgniter\CodeIgniter->createController()
 3 SYSTEMPATH/CodeIgniter.php(349): CodeIgniter\CodeIgniter->handleRequest()
 4 FCPATH/index.php(55): CodeIgniter\CodeIgniter->run()
 5 SYSTEMPATH/Commands/Server/rewrite.php(43): require_once('FCPATH/index.php')
CRITICAL - 2022-07-11 23:49:28 --> Too few arguments to function App\Controllers\User::index(), 0 passed in /home/khodam/Documents/JokiTugas/WebApp/keluhanapp/system/CodeIgniter.php on line 896 and exactly 1 expected
in APPPATH/Controllers/User.php on line 12.
 1 SYSTEMPATH/CodeIgniter.php(896): App\Controllers\User->index()
 2 SYSTEMPATH/CodeIgniter.php(466): CodeIgniter\CodeIgniter->runController()
 3 SYSTEMPATH/CodeIgniter.php(349): CodeIgniter\CodeIgniter->handleRequest()
 4 FCPATH/index.php(55): CodeIgniter\CodeIgniter->run()
 5 SYSTEMPATH/Commands/Server/rewrite.php(43): require_once('FCPATH/index.php')
CRITICAL - 2022-07-11 23:50:08 --> Too few arguments to function App\Controllers\User::index(), 0 passed in /home/khodam/Documents/JokiTugas/WebApp/keluhanapp/system/CodeIgniter.php on line 896 and exactly 1 expected
in APPPATH/Controllers/User.php on line 12.
 1 SYSTEMPATH/CodeIgniter.php(896): App\Controllers\User->index()
 2 SYSTEMPATH/CodeIgniter.php(466): CodeIgniter\CodeIgniter->runController()
 3 SYSTEMPATH/CodeIgniter.php(349): CodeIgniter\CodeIgniter->handleRequest()
 4 FCPATH/index.php(55): CodeIgniter\CodeIgniter->run()
 5 SYSTEMPATH/Commands/Server/rewrite.php(43): require_once('FCPATH/index.php')
